[2022-04-26 16:58:42] [ERROR] [org.springframework.aop.interceptor.SimpleAsyncUncaughtExceptionHandler:39] -- Unexpected exception occurred invoking async method: public void com.lon.blog.service.ThreadService.updateArticleViewCountByRedis(com.lon.blog.dao.pojo.Article)
java.lang.NullPointerException: null
	at com.lon.blog.service.ThreadService.updateArticleViewCountByRedis(ThreadService.java:26)
	at com.lon.blog.service.ThreadService$$FastClassBySpringCGLIB$$f3d4c6f6.invoke(<generated>)
	at org.springframework.cglib.proxy.MethodProxy.invoke(MethodProxy.java:218)
	at org.springframework.aop.framework.CglibAopProxy$CglibMethodInvocation.invokeJoinpoint(CglibAopProxy.java:779)
	at org.springframework.aop.framework.ReflectiveMethodInvocation.proceed(ReflectiveMethodInvocation.java:163)
	at org.springframework.aop.framework.CglibAopProxy$CglibMethodInvocation.proceed(CglibAopProxy.java:750)
	at org.springframework.aop.interceptor.AsyncExecutionInterceptor.lambda$invoke$0(AsyncExecutionInterceptor.java:115)
	at java.util.concurrent.FutureTask.run$$$capture(FutureTask.java:266)
	at java.util.concurrent.FutureTask.run(FutureTask.java)
	at java.util.concurrent.ThreadPoolExecutor.runWorker(ThreadPoolExecutor.java:1149)
	at java.util.concurrent.ThreadPoolExecutor$Worker.run(ThreadPoolExecutor.java:624)
	at java.lang.Thread.run(Thread.java:748)
[2022-04-26 16:59:50] [ERROR] [org.springframework.aop.interceptor.SimpleAsyncUncaughtExceptionHandler:39] -- Unexpected exception occurred invoking async method: public void com.lon.blog.service.ThreadService.updateArticleViewCountByRedis(com.lon.blog.dao.pojo.Article)
java.lang.NullPointerException: null
	at com.lon.blog.service.ThreadService.updateArticleViewCountByRedis(ThreadService.java:26)
	at com.lon.blog.service.ThreadService$$FastClassBySpringCGLIB$$f3d4c6f6.invoke(<generated>)
	at org.springframework.cglib.proxy.MethodProxy.invoke(MethodProxy.java:218)
	at org.springframework.aop.framework.CglibAopProxy$CglibMethodInvocation.invokeJoinpoint(CglibAopProxy.java:779)
	at org.springframework.aop.framework.ReflectiveMethodInvocation.proceed(ReflectiveMethodInvocation.java:163)
	at org.springframework.aop.framework.CglibAopProxy$CglibMethodInvocation.proceed(CglibAopProxy.java:750)
	at org.springframework.aop.interceptor.AsyncExecutionInterceptor.lambda$invoke$0(AsyncExecutionInterceptor.java:115)
	at java.util.concurrent.FutureTask.run$$$capture(FutureTask.java:266)
	at java.util.concurrent.FutureTask.run(FutureTask.java)
	at java.util.concurrent.ThreadPoolExecutor.runWorker(ThreadPoolExecutor.java:1149)
	at java.util.concurrent.ThreadPoolExecutor$Worker.run(ThreadPoolExecutor.java:624)
	at java.lang.Thread.run(Thread.java:748)
